<?xml version="1.0" encoding="UTF-8"?>
<!-- Generated by org.testng.reporters.JUnitReportReporter -->
<testsuite hostname="Brians-MacBook-Pro-2.local" name="org.savantbuild.test.MyClassUnitTest" tests="1" failures="0" timestamp="28 Mar 2016 20:45:14 GMT" time="0.006" errors="0">
  <testcase name="doSomething" time="0.006" classname="org.savantbuild.test.MyClassUnitTest"/>
</testsuite> <!-- org.savantbuild.test.MyClassUnitTest -->
